<?xml version="1.0" encoding="UTF-8"?>
<!-- Generated by org.testng.reporters.JUnitReportReporter -->
<testsuite name="org.testing.testscripts.PatchRequestTC" tests="1" time="0.040" ignored="0" failures="0" timestamp="06 Aug 2020 16:26:11 GMT" skipped="0" hostname="DESKTOP-42HQLTV" errors="0">
  <testcase name="TC6" time="0.040" classname="org.testing.testscripts.PatchRequestTC"/>
</testsuite> <!-- org.testing.testscripts.PatchRequestTC -->
