<?xml version="1.0" encoding="UTF-8"?>
<!-- Generated by org.testng.reporters.JUnitReportReporter -->
<testsuite name="org.testing.testscripts.DeleteRequestTC" tests="1" time="0.041" ignored="0" failures="0" timestamp="06 Aug 2020 16:26:11 GMT" skipped="0" hostname="DESKTOP-42HQLTV" errors="0">
  <testcase name="TC5" time="0.041" classname="org.testing.testscripts.DeleteRequestTC"/>
</testsuite> <!-- org.testing.testscripts.DeleteRequestTC -->
