<?xml version="1.0" encoding="UTF-8"?>
<!-- Generated by org.testng.reporters.JUnitReportReporter -->
<testsuite name="org.testing.testscripts.PostRequestTC" tests="1" time="1.722" ignored="0" failures="0" timestamp="06 Aug 2020 16:26:11 GMT" skipped="0" hostname="DESKTOP-42HQLTV" errors="0">
  <testcase name="TC1" time="1.722" classname="org.testing.testscripts.PostRequestTC"/>
</testsuite> <!-- org.testing.testscripts.PostRequestTC -->
